mode: set
github.com/arumes31/servworx/internal/monitor/monitor.go:49.46,53.42 4 1
github.com/arumes31/servworx/internal/monitor/monitor.go:53.42,55.3 1 1
github.com/arumes31/servworx/internal/monitor/monitor.go:59.46,63.14 4 1
github.com/arumes31/servworx/internal/monitor/monitor.go:63.14,65.3 1 1
github.com/arumes31/servworx/internal/monitor/monitor.go:66.2,68.15 3 1
github.com/arumes31/servworx/internal/monitor/monitor.go:71.50,74.17 3 1
github.com/arumes31/servworx/internal/monitor/monitor.go:75.14,76.21 1 1
github.com/arumes31/servworx/internal/monitor/monitor.go:77.16,78.20 1 1
github.com/arumes31/servworx/internal/monitor/monitor.go:79.16,80.39 1 1
github.com/arumes31/servworx/internal/monitor/monitor.go:80.39,82.4 1 1
github.com/arumes31/servworx/internal/monitor/monitor.go:82.9,84.4 1 1
github.com/arumes31/servworx/internal/monitor/monitor.go:85.15,86.19 1 1
github.com/arumes31/servworx/internal/monitor/monitor.go:88.2,88.81 1 1
github.com/arumes31/servworx/internal/monitor/monitor.go:91.86,93.18 2 1
github.com/arumes31/servworx/internal/monitor/monitor.go:93.18,95.3 1 1
github.com/arumes31/servworx/internal/monitor/monitor.go:96.2,97.16 2 1
github.com/arumes31/servworx/internal/monitor/monitor.go:97.16,99.3 1 1
github.com/arumes31/servworx/internal/monitor/monitor.go:100.2,100.15 1 1
github.com/arumes31/servworx/internal/monitor/monitor.go:100.15,100.40 1 1
github.com/arumes31/servworx/internal/monitor/monitor.go:103.2,103.37 1 1
github.com/arumes31/servworx/internal/monitor/monitor.go:103.37,104.30 1 1
github.com/arumes31/servworx/internal/monitor/monitor.go:104.30,106.4 1 1
github.com/arumes31/servworx/internal/monitor/monitor.go:110.2,110.54 1 1
github.com/arumes31/servworx/internal/monitor/monitor.go:110.54,112.18 2 1
github.com/arumes31/servworx/internal/monitor/monitor.go:112.18,114.4 1 1
github.com/arumes31/servworx/internal/monitor/monitor.go:115.3,115.16 1 1
github.com/arumes31/servworx/internal/monitor/monitor.go:115.16,115.42 1 1
github.com/arumes31/servworx/internal/monitor/monitor.go:116.3,116.15 1 1
github.com/arumes31/servworx/internal/monitor/monitor.go:119.2,119.37 1 1
github.com/arumes31/servworx/internal/monitor/monitor.go:119.37,120.30 1 1
github.com/arumes31/servworx/internal/monitor/monitor.go:120.30,122.4 1 1
github.com/arumes31/servworx/internal/monitor/monitor.go:124.2,124.89 1 1
github.com/arumes31/servworx/internal/monitor/monitor.go:127.66,131.49 2 1
github.com/arumes31/servworx/internal/monitor/monitor.go:131.49,132.36 1 1
github.com/arumes31/servworx/internal/monitor/monitor.go:132.36,133.31 1 1
github.com/arumes31/servworx/internal/monitor/monitor.go:133.31,134.27 1 1
github.com/arumes31/servworx/internal/monitor/monitor.go:134.27,136.6 1 1
github.com/arumes31/servworx/internal/monitor/monitor.go:137.5,137.10 1 1
github.com/arumes31/servworx/internal/monitor/monitor.go:141.2,142.31 2 1
github.com/arumes31/servworx/internal/monitor/monitor.go:142.31,144.14 2 1
github.com/arumes31/servworx/internal/monitor/monitor.go:144.14,145.12 1 1
github.com/arumes31/servworx/internal/monitor/monitor.go:147.3,147.38 1 1
github.com/arumes31/servworx/internal/monitor/monitor.go:147.38,150.12 3 1
github.com/arumes31/servworx/internal/monitor/monitor.go:152.3,157.35 4 0
github.com/arumes31/servworx/internal/monitor/monitor.go:157.35,159.4 1 0
github.com/arumes31/servworx/internal/monitor/monitor.go:159.9,161.4 1 0
github.com/arumes31/servworx/internal/monitor/monitor.go:162.3,162.11 1 0
github.com/arumes31/servworx/internal/monitor/monitor.go:165.2,166.49 2 1
github.com/arumes31/servworx/internal/monitor/monitor.go:166.49,167.29 1 1
github.com/arumes31/servworx/internal/monitor/monitor.go:167.29,168.41 1 1
github.com/arumes31/servworx/internal/monitor/monitor.go:168.41,172.5 3 1
github.com/arumes31/servworx/internal/monitor/monitor.go:175.2,175.20 1 1
github.com/arumes31/servworx/internal/monitor/monitor.go:178.45,181.2 2 1
github.com/arumes31/servworx/internal/monitor/monitor.go:183.41,187.16 3 1
github.com/arumes31/servworx/internal/monitor/monitor.go:187.16,189.3 1 1
github.com/arumes31/servworx/internal/monitor/monitor.go:190.2,191.16 2 1
github.com/arumes31/servworx/internal/monitor/monitor.go:191.16,193.3 1 1
github.com/arumes31/servworx/internal/monitor/monitor.go:194.2,194.12 1 1
github.com/arumes31/servworx/internal/monitor/monitor.go:197.47,200.2 2 1
github.com/arumes31/servworx/internal/monitor/monitor.go:202.54,203.49 1 1
github.com/arumes31/servworx/internal/monitor/monitor.go:203.49,204.29 1 1
github.com/arumes31/servworx/internal/monitor/monitor.go:204.29,205.41 1 1
github.com/arumes31/servworx/internal/monitor/monitor.go:205.41,206.29 1 1
github.com/arumes31/servworx/internal/monitor/monitor.go:206.29,210.6 3 1
github.com/arumes31/servworx/internal/monitor/monitor.go:212.5,213.27 2 1
github.com/arumes31/servworx/internal/monitor/monitor.go:213.27,215.6 1 0
github.com/arumes31/servworx/internal/monitor/monitor.go:217.5,219.31 2 1
github.com/arumes31/servworx/internal/monitor/monitor.go:219.31,223.81 4 1
github.com/arumes31/servworx/internal/monitor/monitor.go:223.81,231.54 6 1
github.com/arumes31/servworx/internal/monitor/monitor.go:231.54,232.41 1 1
github.com/arumes31/servworx/internal/monitor/monitor.go:232.41,233.36 1 1
github.com/arumes31/servworx/internal/monitor/monitor.go:233.36,235.15 2 1
github.com/arumes31/servworx/internal/monitor/monitor.go:241.7,243.35 3 1
github.com/arumes31/servworx/internal/monitor/monitor.go:245.12,245.88 1 1
github.com/arumes31/servworx/internal/monitor/monitor.go:245.88,252.54 5 1
github.com/arumes31/servworx/internal/monitor/monitor.go:252.54,253.41 1 1
github.com/arumes31/servworx/internal/monitor/monitor.go:253.41,254.36 1 1
github.com/arumes31/servworx/internal/monitor/monitor.go:254.36,256.15 2 1
github.com/arumes31/servworx/internal/monitor/monitor.go:262.7,263.35 2 1
github.com/arumes31/servworx/internal/monitor/monitor.go:266.6,266.43 1 1
github.com/arumes31/servworx/internal/monitor/monitor.go:266.43,267.54 1 1
github.com/arumes31/servworx/internal/monitor/monitor.go:267.54,268.41 1 1
github.com/arumes31/servworx/internal/monitor/monitor.go:268.41,269.36 1 1
github.com/arumes31/servworx/internal/monitor/monitor.go:269.36,271.15 2 1
github.com/arumes31/servworx/internal/monitor/monitor.go:276.11,276.32 1 1
github.com/arumes31/servworx/internal/monitor/monitor.go:276.32,278.53 1 1
github.com/arumes31/servworx/internal/monitor/monitor.go:278.53,279.40 1 1
github.com/arumes31/servworx/internal/monitor/monitor.go:279.40,280.35 1 1
github.com/arumes31/servworx/internal/monitor/monitor.go:280.35,281.40 1 1
github.com/arumes31/servworx/internal/monitor/monitor.go:281.40,284.48 3 1
github.com/arumes31/servworx/internal/monitor/monitor.go:284.48,286.11 1 1
github.com/arumes31/servworx/internal/monitor/monitor.go:289.10,289.85 1 1
github.com/arumes31/servworx/internal/monitor/monitor.go:289.85,291.91 1 1
github.com/arumes31/servworx/internal/monitor/monitor.go:291.91,292.34 1 1
github.com/arumes31/servworx/internal/monitor/monitor.go:292.34,294.125 2 1
github.com/arumes31/servworx/internal/monitor/monitor.go:294.125,296.14 1 0
github.com/arumes31/servworx/internal/monitor/monitor.go:297.13,297.28 1 1
github.com/arumes31/servworx/internal/monitor/monitor.go:297.28,302.48 4 1
github.com/arumes31/servworx/internal/monitor/monitor.go:302.48,304.15 1 1
github.com/arumes31/servworx/internal/monitor/monitor.go:306.14,309.54 2 1
github.com/arumes31/servworx/internal/monitor/monitor.go:315.9,315.14 1 1
github.com/arumes31/servworx/internal/monitor/monitor.go:320.5,322.10 3 1
github.com/arumes31/servworx/internal/monitor/monitor.go:327.2,327.26 1 1
github.com/arumes31/servworx/internal/monitor/monitor.go:327.26,329.3 1 1
github.com/arumes31/servworx/internal/monitor/monitor.go:332.63,335.36 3 1
github.com/arumes31/servworx/internal/monitor/monitor.go:335.36,339.14 3 1
github.com/arumes31/servworx/internal/monitor/monitor.go:339.14,341.4 1 1
github.com/arumes31/servworx/internal/monitor/monitor.go:342.3,345.14 3 1
github.com/arumes31/servworx/internal/monitor/monitor.go:345.14,347.4 1 1
github.com/arumes31/servworx/internal/monitor/monitor.go:347.9,347.29 1 1
github.com/arumes31/servworx/internal/monitor/monitor.go:347.29,350.11 2 1
github.com/arumes31/servworx/internal/monitor/monitor.go:351.65,351.65 0 1
github.com/arumes31/servworx/internal/monitor/monitor.go:353.20,354.23 1 0
github.com/arumes31/servworx/internal/monitor/monitor.go:358.2,359.21 2 1
github.com/arumes31/servworx/internal/monitor/monitor.go:362.122,363.20 1 1
github.com/arumes31/servworx/internal/monitor/monitor.go:363.20,367.3 3 1
github.com/arumes31/servworx/internal/monitor/monitor.go:367.8,371.3 3 1
github.com/arumes31/servworx/internal/monitor/monitor.go:374.47,382.6 5 1
github.com/arumes31/servworx/internal/monitor/monitor.go:382.6,386.17 3 1
github.com/arumes31/servworx/internal/monitor/monitor.go:386.17,387.35 1 1
github.com/arumes31/servworx/internal/monitor/monitor.go:387.35,388.27 1 1
github.com/arumes31/servworx/internal/monitor/monitor.go:388.27,390.11 2 1
github.com/arumes31/servworx/internal/monitor/monitor.go:395.3,395.24 1 1
github.com/arumes31/servworx/internal/monitor/monitor.go:395.24,398.4 1 0
github.com/arumes31/servworx/internal/monitor/monitor.go:400.3,400.24 1 1
github.com/arumes31/servworx/internal/monitor/monitor.go:400.24,401.11 1 0
github.com/arumes31/servworx/internal/monitor/monitor.go:402.20,403.11 1 0
github.com/arumes31/servworx/internal/monitor/monitor.go:404.20,405.13 1 0
github.com/arumes31/servworx/internal/monitor/monitor.go:409.3,413.25 5 1
github.com/arumes31/servworx/internal/monitor/monitor.go:413.25,415.4 1 1
github.com/arumes31/servworx/internal/monitor/monitor.go:417.3,420.14 3 1
github.com/arumes31/servworx/internal/monitor/monitor.go:420.14,422.4 1 0
github.com/arumes31/servworx/internal/monitor/monitor.go:424.3,424.15 1 1
github.com/arumes31/servworx/internal/monitor/monitor.go:424.15,426.4 1 1
github.com/arumes31/servworx/internal/monitor/monitor.go:428.3,428.10 1 1
github.com/arumes31/servworx/internal/monitor/monitor.go:429.19,430.10 1 1
github.com/arumes31/servworx/internal/monitor/monitor.go:431.19,431.19 0 0
github.com/arumes31/servworx/internal/monitor/monitor.go:437.24,439.16 2 1
github.com/arumes31/servworx/internal/monitor/monitor.go:439.16,442.3 2 1
github.com/arumes31/servworx/internal/monitor/monitor.go:445.2,445.49 1 1
github.com/arumes31/servworx/internal/monitor/monitor.go:445.49,448.33 3 1
github.com/arumes31/servworx/internal/monitor/monitor.go:448.33,450.4 1 0
github.com/arumes31/servworx/internal/monitor/monitor.go:452.3,452.36 1 1
github.com/arumes31/servworx/internal/monitor/monitor.go:452.36,453.40 1 1
github.com/arumes31/servworx/internal/monitor/monitor.go:453.40,454.34 1 0
github.com/arumes31/servworx/internal/monitor/monitor.go:454.34,456.35 2 0
github.com/arumes31/servworx/internal/monitor/monitor.go:456.35,458.7 1 0
github.com/arumes31/servworx/internal/monitor/monitor.go:460.5,460.38 1 0
github.com/arumes31/servworx/internal/monitor/monitor.go:461.10,468.5 2 1
github.com/arumes31/servworx/internal/monitor/monitor.go:470.3,470.25 1 1
github.com/arumes31/servworx/internal/monitor/monitor.go:473.2,476.35 2 1
github.com/arumes31/servworx/internal/monitor/monitor.go:476.35,479.3 2 1
github.com/arumes31/servworx/internal/monitor/monitor.go:482.23,488.2 4 1
github.com/arumes31/servworx/internal/monitor/monitor.go:490.26,493.2 2 1
github.com/arumes31/servworx/internal/monitor/notification.go:21.58,22.30 1 1
github.com/arumes31/servworx/internal/monitor/notification.go:22.30,24.3 1 1
github.com/arumes31/servworx/internal/monitor/notification.go:25.2,26.17 2 1
github.com/arumes31/servworx/internal/monitor/notification.go:26.17,28.3 1 1
github.com/arumes31/servworx/internal/monitor/notification.go:29.2,29.39 1 1
github.com/arumes31/servworx/internal/monitor/notification.go:33.86,35.64 1 1
github.com/arumes31/servworx/internal/monitor/notification.go:35.64,36.47 1 1
github.com/arumes31/servworx/internal/monitor/notification.go:36.47,39.4 2 1
github.com/arumes31/servworx/internal/monitor/notification.go:40.3,40.71 1 1
github.com/arumes31/servworx/internal/monitor/notification.go:40.71,43.4 2 1
github.com/arumes31/servworx/internal/monitor/notification.go:47.2,47.12 1 1
github.com/arumes31/servworx/internal/monitor/notification.go:47.12,50.24 2 1
github.com/arumes31/servworx/internal/monitor/notification.go:50.24,51.66 1 1
github.com/arumes31/servworx/internal/monitor/notification.go:51.66,53.5 1 1
github.com/arumes31/servworx/internal/monitor/notification.go:53.10,55.5 1 1
github.com/arumes31/servworx/internal/monitor/notification.go:58.3,58.22 1 1
github.com/arumes31/servworx/internal/monitor/notification.go:58.22,59.64 1 1
github.com/arumes31/servworx/internal/monitor/notification.go:59.64,61.5 1 1
github.com/arumes31/servworx/internal/monitor/notification.go:61.10,63.5 1 1
github.com/arumes31/servworx/internal/monitor/notification.go:66.3,66.25 1 1
github.com/arumes31/servworx/internal/monitor/notification.go:66.25,67.67 1 1
github.com/arumes31/servworx/internal/monitor/notification.go:67.67,69.5 1 1
github.com/arumes31/servworx/internal/monitor/notification.go:69.10,71.5 1 1
github.com/arumes31/servworx/internal/monitor/notification.go:74.3,74.22 1 1
github.com/arumes31/servworx/internal/monitor/notification.go:74.22,75.64 1 1
github.com/arumes31/servworx/internal/monitor/notification.go:75.64,77.5 1 1
github.com/arumes31/servworx/internal/monitor/notification.go:77.10,79.5 1 0
github.com/arumes31/servworx/internal/monitor/notification.go:82.3,82.24 1 1
github.com/arumes31/servworx/internal/monitor/notification.go:82.24,83.66 1 1
github.com/arumes31/servworx/internal/monitor/notification.go:83.66,85.5 1 1
github.com/arumes31/servworx/internal/monitor/notification.go:85.10,87.5 1 1
github.com/arumes31/servworx/internal/monitor/notification.go:90.3,90.23 1 1
github.com/arumes31/servworx/internal/monitor/notification.go:90.23,91.65 1 1
github.com/arumes31/servworx/internal/monitor/notification.go:91.65,93.5 1 1
github.com/arumes31/servworx/internal/monitor/notification.go:93.10,95.5 1 1
github.com/arumes31/servworx/internal/monitor/notification.go:98.3,98.25 1 1
github.com/arumes31/servworx/internal/monitor/notification.go:98.25,99.67 1 1
github.com/arumes31/servworx/internal/monitor/notification.go:99.67,101.5 1 1
github.com/arumes31/servworx/internal/monitor/notification.go:101.10,103.5 1 1
github.com/arumes31/servworx/internal/monitor/notification.go:116.80,118.22 2 1
github.com/arumes31/servworx/internal/monitor/notification.go:118.22,120.3 1 1
github.com/arumes31/servworx/internal/monitor/notification.go:122.2,131.16 3 1
github.com/arumes31/servworx/internal/monitor/notification.go:131.16,133.3 1 0
github.com/arumes31/servworx/internal/monitor/notification.go:136.2,137.16 2 1
github.com/arumes31/servworx/internal/monitor/notification.go:137.16,139.3 1 0
github.com/arumes31/servworx/internal/monitor/notification.go:140.2,144.16 3 1
github.com/arumes31/servworx/internal/monitor/notification.go:144.16,146.3 1 0
github.com/arumes31/servworx/internal/monitor/notification.go:147.2,147.15 1 1
github.com/arumes31/servworx/internal/monitor/notification.go:147.15,147.40 1 1
github.com/arumes31/servworx/internal/monitor/notification.go:149.2,149.53 1 1
github.com/arumes31/servworx/internal/monitor/notification.go:149.53,151.3 1 1
github.com/arumes31/servworx/internal/monitor/notification.go:152.2,152.12 1 1
github.com/arumes31/servworx/internal/monitor/notification.go:155.78,157.20 2 1
github.com/arumes31/servworx/internal/monitor/notification.go:157.20,159.3 1 1
github.com/arumes31/servworx/internal/monitor/notification.go:161.2,163.20 3 1
github.com/arumes31/servworx/internal/monitor/notification.go:163.20,166.3 2 1
github.com/arumes31/servworx/internal/monitor/notification.go:168.2,179.16 3 1
github.com/arumes31/servworx/internal/monitor/notification.go:179.16,181.3 1 0
github.com/arumes31/servworx/internal/monitor/notification.go:184.2,185.16 2 1
github.com/arumes31/servworx/internal/monitor/notification.go:185.16,187.3 1 0
github.com/arumes31/servworx/internal/monitor/notification.go:188.2,192.16 3 1
github.com/arumes31/servworx/internal/monitor/notification.go:192.16,194.3 1 0
github.com/arumes31/servworx/internal/monitor/notification.go:195.2,195.15 1 1
github.com/arumes31/servworx/internal/monitor/notification.go:195.15,195.40 1 1
github.com/arumes31/servworx/internal/monitor/notification.go:197.2,197.53 1 1
github.com/arumes31/servworx/internal/monitor/notification.go:197.53,199.3 1 1
github.com/arumes31/servworx/internal/monitor/notification.go:200.2,200.12 1 1
github.com/arumes31/servworx/internal/monitor/notification.go:203.81,206.33 3 1
github.com/arumes31/servworx/internal/monitor/notification.go:206.33,208.3 1 1
github.com/arumes31/servworx/internal/monitor/notification.go:210.2,211.20 2 1
github.com/arumes31/servworx/internal/monitor/notification.go:211.20,213.3 1 0
github.com/arumes31/servworx/internal/monitor/notification.go:215.2,225.16 4 1
github.com/arumes31/servworx/internal/monitor/notification.go:225.16,227.3 1 0
github.com/arumes31/servworx/internal/monitor/notification.go:229.2,230.19 2 1
github.com/arumes31/servworx/internal/monitor/notification.go:230.19,232.3 1 0
github.com/arumes31/servworx/internal/monitor/notification.go:233.2,236.16 3 1
github.com/arumes31/servworx/internal/monitor/notification.go:236.16,238.3 1 0
github.com/arumes31/servworx/internal/monitor/notification.go:239.2,243.16 3 1
github.com/arumes31/servworx/internal/monitor/notification.go:243.16,246.30 2 0
github.com/arumes31/servworx/internal/monitor/notification.go:246.30,248.4 1 0
github.com/arumes31/servworx/internal/monitor/notification.go:249.3,249.60 1 0
github.com/arumes31/servworx/internal/monitor/notification.go:251.2,251.15 1 1
github.com/arumes31/servworx/internal/monitor/notification.go:251.15,251.40 1 1
github.com/arumes31/servworx/internal/monitor/notification.go:253.2,253.53 1 1
github.com/arumes31/servworx/internal/monitor/notification.go:253.53,255.3 1 1
github.com/arumes31/servworx/internal/monitor/notification.go:256.2,256.12 1 1
github.com/arumes31/servworx/internal/monitor/notification.go:259.78,267.59 7 1
github.com/arumes31/servworx/internal/monitor/notification.go:267.59,269.3 1 1
github.com/arumes31/servworx/internal/monitor/notification.go:271.2,272.16 2 1
github.com/arumes31/servworx/internal/monitor/notification.go:272.16,274.3 1 1
github.com/arumes31/servworx/internal/monitor/notification.go:276.2,277.20 2 1
github.com/arumes31/servworx/internal/monitor/notification.go:277.20,279.3 1 0
github.com/arumes31/servworx/internal/monitor/notification.go:281.2,292.16 8 1
github.com/arumes31/servworx/internal/monitor/notification.go:292.16,294.3 1 0
github.com/arumes31/servworx/internal/monitor/notification.go:298.2,299.16 2 1
github.com/arumes31/servworx/internal/monitor/notification.go:299.16,303.3 2 1
github.com/arumes31/servworx/internal/monitor/notification.go:305.2,305.12 1 1
github.com/arumes31/servworx/internal/monitor/notification.go:308.80,310.22 2 1
github.com/arumes31/servworx/internal/monitor/notification.go:310.22,312.3 1 1
github.com/arumes31/servworx/internal/monitor/notification.go:314.2,316.20 3 1
github.com/arumes31/servworx/internal/monitor/notification.go:316.20,319.3 2 1
github.com/arumes31/servworx/internal/monitor/notification.go:321.2,334.16 3 1
github.com/arumes31/servworx/internal/monitor/notification.go:334.16,336.3 1 0
github.com/arumes31/servworx/internal/monitor/notification.go:339.2,340.16 2 1
github.com/arumes31/servworx/internal/monitor/notification.go:340.16,342.3 1 0
github.com/arumes31/servworx/internal/monitor/notification.go:343.2,347.16 3 1
github.com/arumes31/servworx/internal/monitor/notification.go:347.16,349.3 1 0
github.com/arumes31/servworx/internal/monitor/notification.go:350.2,350.15 1 1
github.com/arumes31/servworx/internal/monitor/notification.go:350.15,350.40 1 1
github.com/arumes31/servworx/internal/monitor/notification.go:352.2,352.53 1 1
github.com/arumes31/servworx/internal/monitor/notification.go:352.53,354.3 1 1
github.com/arumes31/servworx/internal/monitor/notification.go:355.2,355.12 1 1
github.com/arumes31/servworx/internal/monitor/notification.go:358.79,361.36 3 1
github.com/arumes31/servworx/internal/monitor/notification.go:361.36,363.3 1 1
github.com/arumes31/servworx/internal/monitor/notification.go:365.2,370.20 5 1
github.com/arumes31/servworx/internal/monitor/notification.go:370.20,373.3 2 1
github.com/arumes31/servworx/internal/monitor/notification.go:375.2,383.16 3 1
github.com/arumes31/servworx/internal/monitor/notification.go:383.16,385.3 1 0
github.com/arumes31/servworx/internal/monitor/notification.go:388.2,389.16 2 1
github.com/arumes31/servworx/internal/monitor/notification.go:389.16,391.3 1 0
github.com/arumes31/servworx/internal/monitor/notification.go:392.2,396.16 3 1
github.com/arumes31/servworx/internal/monitor/notification.go:396.16,398.3 1 0
github.com/arumes31/servworx/internal/monitor/notification.go:399.2,399.15 1 1
github.com/arumes31/servworx/internal/monitor/notification.go:399.15,399.40 1 1
github.com/arumes31/servworx/internal/monitor/notification.go:401.2,401.53 1 1
github.com/arumes31/servworx/internal/monitor/notification.go:401.53,403.3 1 1
github.com/arumes31/servworx/internal/monitor/notification.go:404.2,404.12 1 1
github.com/arumes31/servworx/internal/monitor/notification.go:407.81,410.31 3 1
github.com/arumes31/servworx/internal/monitor/notification.go:410.31,412.3 1 1
github.com/arumes31/servworx/internal/monitor/notification.go:414.2,416.20 3 1
github.com/arumes31/servworx/internal/monitor/notification.go:416.20,419.3 2 1
github.com/arumes31/servworx/internal/monitor/notification.go:421.2,431.16 8 1
github.com/arumes31/servworx/internal/monitor/notification.go:431.16,433.3 1 0
github.com/arumes31/servworx/internal/monitor/notification.go:434.2,434.15 1 1
github.com/arumes31/servworx/internal/monitor/notification.go:434.15,434.40 1 1
github.com/arumes31/servworx/internal/monitor/notification.go:436.2,436.53 1 1
github.com/arumes31/servworx/internal/monitor/notification.go:436.53,438.3 1 1
github.com/arumes31/servworx/internal/monitor/notification.go:439.2,439.12 1 1
github.com/arumes31/servworx/internal/monitor/notification.go:443.76,445.18 2 1
github.com/arumes31/servworx/internal/monitor/notification.go:446.17,447.49 1 1
github.com/arumes31/servworx/internal/monitor/notification.go:448.15,449.47 1 1
github.com/arumes31/servworx/internal/monitor/notification.go:450.18,451.50 1 1
github.com/arumes31/servworx/internal/monitor/notification.go:452.15,453.47 1 1
github.com/arumes31/servworx/internal/monitor/notification.go:454.17,455.49 1 1
github.com/arumes31/servworx/internal/monitor/notification.go:456.16,457.48 1 1
github.com/arumes31/servworx/internal/monitor/notification.go:458.18,459.50 1 1
github.com/arumes31/servworx/internal/monitor/notification.go:460.10,461.67 1 1
