mode: set
github.com/arumes31/servworx/internal/config/config.go:25.45,27.2 1 1
github.com/arumes31/servworx/internal/config/config.go:30.31,32.2 1 1
github.com/arumes31/servworx/internal/config/config.go:68.36,75.16 5 1
github.com/arumes31/servworx/internal/config/config.go:75.16,76.25 1 1
github.com/arumes31/servworx/internal/config/config.go:76.25,78.4 1 1
github.com/arumes31/servworx/internal/config/config.go:79.3,79.59 1 0
github.com/arumes31/servworx/internal/config/config.go:82.2,83.51 2 1
github.com/arumes31/servworx/internal/config/config.go:83.51,85.3 1 0
github.com/arumes31/servworx/internal/config/config.go:88.2,88.30 1 1
github.com/arumes31/servworx/internal/config/config.go:88.30,89.49 1 1
github.com/arumes31/servworx/internal/config/config.go:89.49,91.4 1 1
github.com/arumes31/servworx/internal/config/config.go:94.2,94.18 1 1
github.com/arumes31/servworx/internal/config/config.go:98.36,103.62 4 1
github.com/arumes31/servworx/internal/config/config.go:103.62,105.3 1 0
github.com/arumes31/servworx/internal/config/config.go:107.2,108.16 2 1
github.com/arumes31/servworx/internal/config/config.go:108.16,110.3 1 0
github.com/arumes31/servworx/internal/config/config.go:112.2,112.39 1 1
github.com/arumes31/servworx/internal/config/config.go:116.36,123.16 5 1
github.com/arumes31/servworx/internal/config/config.go:123.16,124.25 1 1
github.com/arumes31/servworx/internal/config/config.go:124.25,126.4 1 1
github.com/arumes31/servworx/internal/config/config.go:127.3,127.59 1 0
github.com/arumes31/servworx/internal/config/config.go:130.2,131.54 2 1
github.com/arumes31/servworx/internal/config/config.go:131.54,133.3 1 0
github.com/arumes31/servworx/internal/config/config.go:135.2,135.21 1 1
github.com/arumes31/servworx/internal/config/config.go:139.39,144.62 4 1
github.com/arumes31/servworx/internal/config/config.go:144.62,146.3 1 0
github.com/arumes31/servworx/internal/config/config.go:148.2,149.16 2 1
github.com/arumes31/servworx/internal/config/config.go:149.16,151.3 1 0
github.com/arumes31/servworx/internal/config/config.go:153.2,153.39 1 1
github.com/arumes31/servworx/internal/config/config.go:157.49,165.16 6 1
github.com/arumes31/servworx/internal/config/config.go:165.16,166.26 1 1
github.com/arumes31/servworx/internal/config/config.go:166.26,168.4 1 0
github.com/arumes31/servworx/internal/config/config.go:169.3,169.38 1 1
github.com/arumes31/servworx/internal/config/config.go:170.8,171.55 1 1
github.com/arumes31/servworx/internal/config/config.go:171.55,173.4 1 0
github.com/arumes31/servworx/internal/config/config.go:176.2,178.62 2 1
github.com/arumes31/servworx/internal/config/config.go:178.62,180.3 1 0
github.com/arumes31/servworx/internal/config/config.go:182.2,183.16 2 1
github.com/arumes31/servworx/internal/config/config.go:183.16,185.3 1 0
github.com/arumes31/servworx/internal/config/config.go:187.2,187.42 1 1
github.com/arumes31/servworx/internal/config/config.go:191.49,199.16 6 1
github.com/arumes31/servworx/internal/config/config.go:199.16,200.26 1 1
github.com/arumes31/servworx/internal/config/config.go:200.26,202.4 1 0
github.com/arumes31/servworx/internal/config/config.go:203.3,204.35 2 1
github.com/arumes31/servworx/internal/config/config.go:205.8,206.52 1 1
github.com/arumes31/servworx/internal/config/config.go:206.52,208.4 1 0
github.com/arumes31/servworx/internal/config/config.go:211.2,213.62 2 1
github.com/arumes31/servworx/internal/config/config.go:213.62,215.3 1 0
github.com/arumes31/servworx/internal/config/config.go:217.2,218.16 2 1
github.com/arumes31/servworx/internal/config/config.go:218.16,220.3 1 0
github.com/arumes31/servworx/internal/config/config.go:222.2,222.42 1 1
